Using pre-set license
Built from '2020.3/staging' branch; Version is '2020.3.8f1 (507919d4fff5) revision 5273881'; Using compiler version '192528614'; Build Type 'Release'
OS: 'Windows 10 Pro; OS build 19043.1237; Version 2009; 64bit' Language: 'ja' Physical Memory: 16275 MB
BatchMode: 1, IsHumanControllingUs: 0, StartBugReporterOnCrash: 0, Is64bit: 1, IsPro: 0

 COMMAND LINE ARGUMENTS:
C:\Program Files\Unity\Hub\Editor\2020.3.8f1\Editor\Unity.exe
-adb2
-batchMode
-noUpm
-name
AssetImportWorker0
-projectPath
C:/work/Joshibi/2021/UnityProject/2DSpriteClick
-logFile
Logs/AssetImportWorker0.log
-srvPort
59879
Successfully changed project path to: C:/work/Joshibi/2021/UnityProject/2DSpriteClick
C:/work/Joshibi/2021/UnityProject/2DSpriteClick
Using Asset Import Pipeline V2.
Refreshing native plugins compatible for Editor in 38.85 ms, found 1 plugins.
Preloading 0 native plugins for Editor in 0.00 ms.
Initialize engine version: 2020.3.8f1 (507919d4fff5)
[Subsystems] Discovering subsystems at path C:/Program Files/Unity/Hub/Editor/2020.3.8f1/Editor/Data/Resources/UnitySubsystems
[Subsystems] Discovering subsystems at path C:/work/Joshibi/2021/UnityProject/2DSpriteClick/Assets
GfxDevice: creating device client; threaded=0
Direct3D:
    Version:  Direct3D 11.0 [level 11.1]
    Renderer: NVIDIA GeForce GTX 1060 (ID=0x1c20)
    Vendor:   
    VRAM:     6052 MB
    Driver:   26.21.14.4120
Initialize mono
Mono path[0] = 'C:/Program Files/Unity/Hub/Editor/2020.3.8f1/Editor/Data/Managed'
Mono path[1] = 'C:/Program Files/Unity/Hub/Editor/2020.3.8f1/Editor/Data/MonoBleedingEdge/lib/mono/unityjit'
Mono config path = 'C:/Program Files/Unity/Hub/Editor/2020.3.8f1/Editor/Data/MonoBleedingEdge/etc'
Using monoOptions --debugger-agent=transport=dt_socket,embedding=1,server=y,suspend=n,address=127.0.0.1:56168
Begin MonoManager ReloadAssembly
Registering precompiled unity dll's ...
Register platform support module: C:/Program Files/Unity/Hub/Editor/2020.3.8f1/Editor/Data/PlaybackEngines/WindowsStandaloneSupport/UnityEditor.WindowsStandalone.Extensions.dll
Registered in 0.002323 seconds.
Native extension for WindowsStandalone target not found
Refreshing native plugins compatible for Editor in 40.41 ms, found 1 plugins.
Preloading 0 native plugins for Editor in 0.00 ms.
Mono: successfully reloaded assembly
- Completed reload, in  1.156 seconds
Platform modules already initialized, skipping
Registering precompiled user dll's ...
Registered in 0.001091 seconds.
Begin MonoManager ReloadAssembly
Native extension for WindowsStandalone target not found
Refreshing native plugins compatible for Editor in 40.02 ms, found 1 plugins.
Preloading 0 native plugins for Editor in 0.00 ms.
Mono: successfully reloaded assembly
- Completed reload, in  1.050 seconds
Platform modules already initialized, skipping
========================================================================
Worker process is ready to serve import requests
Launched and connected shader compiler UnityShaderCompiler.exe after 0.07 seconds
Refreshing native plugins compatible for Editor in 0.33 ms, found 1 plugins.
Preloading 0 native plugins for Editor in 0.00 ms.
Unloading 1814 Unused Serialized files (Serialized files now loaded: 0)
System memory in use before: 85.0 MB.
System memory in use after: 84.9 MB.

Unloading 24 unused Assets to reduce memory usage. Loaded Objects now: 2257.
Total: 2.468000 ms (FindLiveObjects: 0.175100 ms CreateObjectMapping: 0.062300 ms MarkObjects: 2.063600 ms  DeleteObjects: 0.165900 ms)

========================================================================
Received Import Request.
  path: Assets/Scripts/PlayerFollow.cs
  artifactKey: Guid(b4c9268d83a02a648b1fde936ac41bb3) Importer(815301076,1909f56bfc062723c751e8b465ee728b)
Start importing Assets/Scripts/PlayerFollow.cs using Guid(b4c9268d83a02a648b1fde936ac41bb3) Importer(815301076,1909f56bfc062723c751e8b465ee728b)  -> (artifact id: 'b6b96cd6d3bd6f0877e064bb5a15d40d') in 0.035477 seconds
  Import took 0.039281 seconds .

========================================================================
Received Import Request.
  Time since last request: 0.117667 seconds.
  path: Assets/Scripts/Player.cs
  artifactKey: Guid(0257006d95887b446a55cbf3ebca0bc2) Importer(815301076,1909f56bfc062723c751e8b465ee728b)
Start importing Assets/Scripts/Player.cs using Guid(0257006d95887b446a55cbf3ebca0bc2) Importer(815301076,1909f56bfc062723c751e8b465ee728b)  -> (artifact id: 'dcafe559ccd27a91ae40fb3e5260dba1') in 0.004805 seconds
  Import took 0.008036 seconds .

========================================================================
Received Import Request.
  Time since last request: 0.019525 seconds.
  path: Assets/Scripts/ItemGet.cs
  artifactKey: Guid(ac43261f6cbfb5649a431b6a489dd664) Importer(815301076,1909f56bfc062723c751e8b465ee728b)
Start importing Assets/Scripts/ItemGet.cs using Guid(ac43261f6cbfb5649a431b6a489dd664) Importer(815301076,1909f56bfc062723c751e8b465ee728b)  -> (artifact id: '614968318ce826c2d1ecbec3e8300cb7') in 0.011189 seconds
  Import took 0.014228 seconds .

========================================================================
Received Import Request.
  Time since last request: 0.007251 seconds.
  path: Assets/Scripts/ItemSpriteClicked.cs
  artifactKey: Guid(88d2716bd6c928144bc892368fc55556) Importer(815301076,1909f56bfc062723c751e8b465ee728b)
Start importing Assets/Scripts/ItemSpriteClicked.cs using Guid(88d2716bd6c928144bc892368fc55556) Importer(815301076,1909f56bfc062723c751e8b465ee728b)  -> (artifact id: '91ba4eb329f9fd63a579054c9869a28f') in 0.007196 seconds
  Import took 0.009998 seconds .

========================================================================
Received Import Request.
  Time since last request: 0.006888 seconds.
  path: Assets/Scenes/ExplorerSample.unity
  artifactKey: Guid(73402d1b96432594f96918c95aa8dad4) Importer(815301076,1909f56bfc062723c751e8b465ee728b)
Start importing Assets/Scenes/ExplorerSample.unity using Guid(73402d1b96432594f96918c95aa8dad4) Importer(815301076,1909f56bfc062723c751e8b465ee728b)  -> (artifact id: '7742e1f1bfa3cf7480c31a614678c171') in 0.016008 seconds
  Import took 0.018761 seconds .

========================================================================
Received Import Request.
  Time since last request: 0.051328 seconds.
  path: Assets/Scripts/ItemManager.cs
  artifactKey: Guid(b072353c0f81d06419c6b68da805fe18) Importer(815301076,1909f56bfc062723c751e8b465ee728b)
Start importing Assets/Scripts/ItemManager.cs using Guid(b072353c0f81d06419c6b68da805fe18) Importer(815301076,1909f56bfc062723c751e8b465ee728b)  -> (artifact id: '91e29113137dd325db5ff3b2a7512f0f') in 0.008584 seconds
  Import took 0.011340 seconds .

AssetImportWorkerClient::OnTransportError - code=2 error=End of file
